2025-07-31 21:39:58 INFO  com.example.demo.DemoApplication - Starting DemoApplication using Java 24.0.1 with PID 4112 (C:\Users\Nima.DESKTOP-0JODQJL\Downloads\demo\demo\target\classes started by Nima in C:\Users\Nima.DESKTOP-0JODQJL\Downloads\demo\demo)
2025-07-31 21:39:58 INFO  com.example.demo.DemoApplication - No active profile set, falling back to 1 default profile: "default"
2025-07-31 21:39:59 INFO  o.s.d.r.c.RepositoryConfigurationDelegate - Bootstrapping Spring Data JPA repositories in DEFAULT mode.
2025-07-31 21:39:59 INFO  o.s.d.r.c.RepositoryConfigurationDelegate - Finished Spring Data repository scanning in 101 ms. Found 1 JPA repository interface.
2025-07-31 21:40:00 INFO  o.s.b.w.e.tomcat.TomcatWebServer - Tomcat initialized with port 8080 (http)
2025-07-31 21:40:00 INFO  o.a.catalina.core.StandardService - Starting service [Tomcat]
2025-07-31 21:40:00 INFO  o.a.catalina.core.StandardEngine - Starting Servlet engine: [Apache Tomcat/10.1.43]
2025-07-31 21:40:00 INFO  o.a.c.c.C.[Tomcat].[localhost].[/] - Initializing Spring embedded WebApplicationContext
2025-07-31 21:40:00 INFO  o.s.b.w.s.c.ServletWebServerApplicationContext - Root WebApplicationContext: initialization completed in 2009 ms
2025-07-31 21:40:00 INFO  o.h.jpa.internal.util.LogHelper - HHH000204: Processing PersistenceUnitInfo [name: default]
2025-07-31 21:40:00 INFO  org.hibernate.Version - HHH000412: Hibernate ORM core version 6.6.22.Final
2025-07-31 21:40:01 INFO  o.h.c.i.RegionFactoryInitiator - HHH000026: Second-level cache disabled
2025-07-31 21:40:01 INFO  o.s.o.j.p.SpringPersistenceUnitInfo - No LoadTimeWeaver setup: ignoring JPA class transformer
2025-07-31 21:40:01 INFO  com.zaxxer.hikari.HikariDataSource - HikariPool-1 - Starting...
2025-07-31 21:40:01 INFO  com.zaxxer.hikari.pool.HikariPool - HikariPool-1 - Added connection com.mysql.cj.jdbc.ConnectionImpl@294ebe11
2025-07-31 21:40:01 INFO  com.zaxxer.hikari.HikariDataSource - HikariPool-1 - Start completed.
2025-07-31 21:40:01 WARN  org.hibernate.orm.deprecation - HHH90000025: MySQL8Dialect does not need to be specified explicitly using 'hibernate.dialect' (remove the property setting and it will be selected by default)
2025-07-31 21:40:01 WARN  org.hibernate.orm.deprecation - HHH90000026: MySQL8Dialect has been deprecated; use org.hibernate.dialect.MySQLDialect instead
2025-07-31 21:40:01 INFO  o.hibernate.orm.connections.pooling - HHH10001005: Database info:
	Database JDBC URL [Connecting through datasource 'HikariDataSource (HikariPool-1)']
	Database driver: undefined/unknown
	Database version: 8.0
	Autocommit mode: undefined/unknown
	Isolation level: undefined/unknown
	Minimum pool size: undefined/unknown
	Maximum pool size: undefined/unknown
2025-07-31 21:40:03 INFO  o.h.e.t.j.p.i.JtaPlatformInitiator - HHH000489: No JTA platform available (set 'hibernate.transaction.jta.platform' to enable JTA platform integration)
2025-07-31 21:40:03 INFO  o.s.o.j.LocalContainerEntityManagerFactoryBean - Initialized JPA EntityManagerFactory for persistence unit 'default'
2025-07-31 21:40:03 WARN  o.s.b.a.o.j.JpaBaseConfiguration$JpaWebConfiguration - spring.jpa.open-in-view is enabled by default. Therefore, database queries may be performed during view rendering. Explicitly configure spring.jpa.open-in-view to disable this warning
2025-07-31 21:40:04 WARN  o.s.b.a.s.s.UserDetailsServiceAutoConfiguration - 

Using generated security password: 2fc03913-07c9-4b0e-b97c-8d2bbb992a50

This generated password is for development use only. Your security configuration must be updated before running your application in production.

2025-07-31 21:40:04 INFO  o.s.s.c.a.a.c.InitializeUserDetailsBeanManagerConfigurer$InitializeUserDetailsManagerConfigurer - Global AuthenticationManager configured with UserDetailsService bean with name inMemoryUserDetailsManager
2025-07-31 21:40:05 INFO  o.s.b.w.e.tomcat.TomcatWebServer - Tomcat started on port 8080 (http) with context path '/'
2025-07-31 21:40:05 INFO  com.example.demo.DemoApplication - Started DemoApplication in 7.812 seconds (process running for 8.647)
2025-07-31 21:40:29 INFO  o.a.c.c.C.[Tomcat].[localhost].[/] - Initializing Spring DispatcherServlet 'dispatcherServlet'
2025-07-31 21:40:29 INFO  o.s.web.servlet.DispatcherServlet - Initializing Servlet 'dispatcherServlet'
2025-07-31 21:40:29 INFO  o.s.web.servlet.DispatcherServlet - Completed initialization in 2 ms
2025-07-31 21:40:30 INFO  o.s.api.AbstractOpenApiResource - Init duration for springdoc-openapi is: 469 ms
2025-07-31 21:40:40 INFO  c.e.d.a.services.ProductService - Creating product with name: test foudfdf33r
2025-07-31 21:40:40 INFO  c.e.d.a.services.ProductService - Product created with ID: null
